mode: set
go-data-structures/main.go:12.17,71.2 58 0
go-data-structures/main.go:73.57,75.21 2 0
go-data-structures/main.go:75.21,77.3 1 0
go-data-structures/main.go:78.2,78.21 1 0
go-data-structures/main.go:78.21,80.3 1 0
go-data-structures/main.go:81.2,81.21 1 0
go-data-structures/main.go:81.21,83.3 1 0
go-data-structures/main.go:84.2,84.57 1 0
go-data-structures/main.go:87.23,96.6 6 0
go-data-structures/main.go:96.6,98.22 2 0
go-data-structures/main.go:98.22,99.9 1 0
go-data-structures/main.go:102.3,105.16 3 0
go-data-structures/main.go:105.16,106.12 1 0
go-data-structures/main.go:108.3,108.20 1 0
go-data-structures/main.go:108.20,110.9 2 0
go-data-structures/main.go:112.3,112.20 1 0
go-data-structures/main.go:112.20,117.12 5 0
go-data-structures/main.go:119.3,119.22 1 0
go-data-structures/main.go:119.22,122.12 3 0
go-data-structures/main.go:124.3,124.22 1 0
go-data-structures/main.go:124.22,127.12 3 0
go-data-structures/main.go:129.3,129.22 1 0
go-data-structures/main.go:129.22,134.12 5 0
go-data-structures/main.go:139.13,151.6 9 0
go-data-structures/main.go:151.6,153.22 2 0
go-data-structures/main.go:153.22,154.9 1 0
go-data-structures/main.go:157.3,160.16 3 0
go-data-structures/main.go:160.16,161.12 1 0
go-data-structures/main.go:163.3,163.20 1 0
go-data-structures/main.go:163.20,165.9 2 0
go-data-structures/main.go:167.3,167.20 1 0
go-data-structures/main.go:167.20,169.12 2 0
go-data-structures/main.go:171.3,171.21 1 0
go-data-structures/main.go:171.21,186.12 15 0
go-data-structures/main.go:189.3,189.20 1 0
go-data-structures/main.go:189.20,190.18 1 0
go-data-structures/main.go:190.18,192.13 2 0
go-data-structures/main.go:194.4,197.12 4 0
go-data-structures/main.go:200.3,200.20 1 0
go-data-structures/main.go:200.20,201.18 1 0
go-data-structures/main.go:201.18,203.13 2 0
go-data-structures/main.go:205.4,208.12 4 0
go-data-structures/main.go:211.3,211.14 1 0
go-data-structures/main.go:212.21,213.18 1 0
go-data-structures/main.go:213.18,215.13 2 0
go-data-structures/main.go:217.4,218.15 2 0
go-data-structures/main.go:220.22,221.18 1 0
go-data-structures/main.go:221.18,223.13 2 0
go-data-structures/main.go:225.4,226.15 2 0
go-data-structures/main.go:228.20,229.32 1 0
go-data-structures/main.go:229.32,231.13 2 0
go-data-structures/main.go:233.4,234.18 2 0
go-data-structures/main.go:234.18,236.13 2 0
go-data-structures/main.go:238.4,239.15 2 0
go-data-structures/main.go:241.19,242.18 1 0
go-data-structures/main.go:242.18,244.13 2 0
go-data-structures/main.go:246.4,247.18 2 0
go-data-structures/main.go:247.18,249.13 2 0
go-data-structures/main.go:251.4,252.15 2 0
go-data-structures/main.go:254.21,256.15 2 0
go-data-structures/main.go:258.21,260.15 2 0
go-data-structures/main.go:262.19,263.18 1 0
go-data-structures/main.go:263.18,265.13 2 0
go-data-structures/main.go:267.4,268.18 2 0
go-data-structures/main.go:268.18,270.13 2 0
go-data-structures/main.go:272.4,272.63 1 0
go-data-structures/main.go:274.23,275.32 1 0
go-data-structures/main.go:275.32,277.13 2 0
go-data-structures/main.go:279.4,280.18 2 0
go-data-structures/main.go:280.18,282.13 2 0
go-data-structures/main.go:284.4,285.15 2 0
go-data-structures/main.go:287.19,288.63 1 0
go-data-structures/main.go:290.22,292.23 2 0
go-data-structures/main.go:294.22,296.23 2 0
go-data-structures/main.go:298.21,300.23 2 0
go-data-structures/main.go:302.21,304.23 2 0
go-data-structures/main.go:306.20,308.23 2 0
go-data-structures/main.go:310.20,312.71 2 0
go-data-structures/main.go:314.22,316.24 2 0
go-data-structures/main.go:318.22,320.24 2 0
go-data-structures/main.go:322.21,324.24 2 0
go-data-structures/main.go:326.21,328.24 2 0
go-data-structures/main.go:330.20,332.24 2 0
go-data-structures/main.go:334.20,336.71 2 0
go-data-structures/main.go:338.22,339.25 1 0
go-data-structures/main.go:341.17,343.17 2 0
go-data-structures/main.go:345.16,347.17 2 0
go-data-structures/main.go:349.16,350.50 1 0
go-data-structures/main.go:352.17,354.17 2 0
go-data-structures/main.go:356.16,358.17 2 0
go-data-structures/main.go:360.16,361.52 1 0
go-data-structures/main.go:363.21,365.18 2 0
go-data-structures/main.go:365.18,367.13 2 0
go-data-structures/main.go:369.4,369.20 1 0
go-data-structures/main.go:371.21,373.18 2 0
go-data-structures/main.go:373.18,375.13 2 0
go-data-structures/main.go:377.4,377.20 1 0
go-data-structures/main.go:379.21,381.18 2 0
go-data-structures/main.go:381.18,383.13 2 0
go-data-structures/main.go:385.4,386.66 2 0
go-data-structures/main.go:388.20,389.16 1 0
go-data-structures/main.go:391.20,392.16 1 0
go-data-structures/main.go:394.19,395.62 1 0
go-data-structures/main.go:397.19,398.20 1 0
go-data-structures/main.go:400.11,401.123 1 0
go-data-structures/structures/array.go:12.24,14.2 1 1
go-data-structures/structures/array.go:16.37,18.2 1 1
go-data-structures/structures/array.go:20.37,22.2 1 1
go-data-structures/structures/array.go:24.44,25.34 1 1
go-data-structures/structures/array.go:25.34,27.3 1 1
go-data-structures/structures/array.go:28.2,28.74 1 1
go-data-structures/structures/array.go:31.30,32.22 1 1
go-data-structures/structures/array.go:32.22,34.3 1 0
go-data-structures/structures/array.go:35.2,35.21 1 1
go-data-structures/structures/array.go:38.30,39.22 1 1
go-data-structures/structures/array.go:39.22,41.3 1 0
go-data-structures/structures/array.go:42.2,42.33 1 1
go-data-structures/structures/array.go:45.35,46.35 1 1
go-data-structures/structures/array.go:46.35,48.3 1 1
go-data-structures/structures/array.go:49.2,49.50 1 1
go-data-structures/structures/array.go:52.39,53.35 1 1
go-data-structures/structures/array.go:53.35,55.3 1 1
go-data-structures/structures/array.go:56.2,56.20 1 1
go-data-structures/structures/array.go:59.48,60.35 1 1
go-data-structures/structures/array.go:60.35,62.3 1 1
go-data-structures/structures/array.go:63.2,63.19 1 1
go-data-structures/structures/array.go:66.30,68.2 1 1
go-data-structures/structures/array.go:70.25,71.22 1 1
go-data-structures/structures/array.go:71.22,74.3 2 0
go-data-structures/structures/array.go:75.2,75.82 1 1
go-data-structures/structures/array.go:78.25,80.2 1 1
go-data-structures/structures/dlist.go:19.24,21.2 1 1
go-data-structures/structures/dlist.go:23.37,25.19 2 1
go-data-structures/structures/dlist.go:25.19,27.3 1 1
go-data-structures/structures/dlist.go:28.2,29.19 2 1
go-data-structures/structures/dlist.go:29.19,31.3 1 1
go-data-structures/structures/dlist.go:34.37,36.19 2 1
go-data-structures/structures/dlist.go:36.19,38.3 1 1
go-data-structures/structures/dlist.go:39.2,40.19 2 1
go-data-structures/structures/dlist.go:40.19,42.3 1 1
go-data-structures/structures/dlist.go:45.30,46.19 1 1
go-data-structures/structures/dlist.go:46.19,48.3 1 1
go-data-structures/structures/dlist.go:49.2,49.22 1 1
go-data-structures/structures/dlist.go:49.22,52.3 2 1
go-data-structures/structures/dlist.go:53.2,54.19 2 1
go-data-structures/structures/dlist.go:57.30,58.19 1 1
go-data-structures/structures/dlist.go:58.19,60.3 1 1
go-data-structures/structures/dlist.go:61.2,61.22 1 1
go-data-structures/structures/dlist.go:61.22,64.3 2 1
go-data-structures/structures/dlist.go:65.2,66.19 2 1
go-data-structures/structures/dlist.go:69.43,71.21 2 1
go-data-structures/structures/dlist.go:71.21,72.27 1 1
go-data-structures/structures/dlist.go:72.27,73.27 1 1
go-data-structures/structures/dlist.go:73.27,75.5 1 1
go-data-structures/structures/dlist.go:75.10,77.5 1 0
go-data-structures/structures/dlist.go:78.4,78.27 1 1
go-data-structures/structures/dlist.go:78.27,80.5 1 1
go-data-structures/structures/dlist.go:80.10,82.5 1 0
go-data-structures/structures/dlist.go:83.4,83.10 1 1
go-data-structures/structures/dlist.go:85.3,85.25 1 1
go-data-structures/structures/dlist.go:89.39,91.21 2 1
go-data-structures/structures/dlist.go:91.21,92.27 1 1
go-data-structures/structures/dlist.go:92.27,94.4 1 1
go-data-structures/structures/dlist.go:95.3,95.25 1 1
go-data-structures/structures/dlist.go:97.2,97.14 1 1
go-data-structures/structures/dlist.go:100.32,101.19 1 1
go-data-structures/structures/dlist.go:101.19,104.3 2 1
go-data-structures/structures/dlist.go:105.2,107.21 3 1
go-data-structures/structures/dlist.go:107.21,110.3 2 1
go-data-structures/structures/dlist.go:111.2,111.65 1 1
go-data-structures/structures/dlist.go:114.33,115.19 1 1
go-data-structures/structures/dlist.go:115.19,118.3 2 1
go-data-structures/structures/dlist.go:119.2,121.21 3 1
go-data-structures/structures/dlist.go:121.21,124.3 2 1
go-data-structures/structures/dlist.go:125.2,125.84 1 1
go-data-structures/structures/dlist.go:128.25,130.2 1 1
go-data-structures/structures/hash.go:18.44,21.2 2 1
go-data-structures/structures/hash.go:23.42,25.25 2 1
go-data-structures/structures/hash.go:25.25,27.3 1 1
go-data-structures/structures/hash.go:28.2,28.14 1 1
go-data-structures/structures/hash.go:28.14,30.3 1 0
go-data-structures/structures/hash.go:31.2,31.13 1 1
go-data-structures/structures/hash.go:34.47,39.21 4 1
go-data-structures/structures/hash.go:39.21,40.25 1 1
go-data-structures/structures/hash.go:40.25,43.4 2 1
go-data-structures/structures/hash.go:44.3,44.25 1 1
go-data-structures/structures/hash.go:47.2,48.24 2 1
go-data-structures/structures/hash.go:51.45,56.21 4 1
go-data-structures/structures/hash.go:56.21,57.25 1 1
go-data-structures/structures/hash.go:57.25,58.19 1 1
go-data-structures/structures/hash.go:58.19,60.5 1 1
go-data-structures/structures/hash.go:60.10,62.5 1 1
go-data-structures/structures/hash.go:63.4,63.15 1 1
go-data-structures/structures/hash.go:65.3,66.25 2 1
go-data-structures/structures/hash.go:68.2,68.14 1 0
go-data-structures/structures/hash.go:71.45,75.21 3 1
go-data-structures/structures/hash.go:75.21,76.25 1 1
go-data-structures/structures/hash.go:76.25,78.4 1 1
go-data-structures/structures/hash.go:79.3,79.25 1 1
go-data-structures/structures/hash.go:81.2,81.11 1 1
go-data-structures/structures/hash.go:84.29,86.29 2 1
go-data-structures/structures/hash.go:86.29,87.24 1 1
go-data-structures/structures/hash.go:87.24,91.23 4 1
go-data-structures/structures/hash.go:91.23,93.28 2 1
go-data-structures/structures/hash.go:93.28,95.6 1 1
go-data-structures/structures/hash.go:96.5,96.27 1 1
go-data-structures/structures/hash.go:98.4,98.19 1 1
go-data-structures/structures/hash.go:101.2,101.15 1 1
go-data-structures/structures/hash.go:101.15,103.3 1 1
go-data-structures/structures/hash.go:104.2,104.15 1 1
go-data-structures/structures/hash.go:119.42,122.2 2 1
go-data-structures/structures/hash.go:124.41,126.25 2 1
go-data-structures/structures/hash.go:126.25,128.3 1 1
go-data-structures/structures/hash.go:129.2,129.14 1 1
go-data-structures/structures/hash.go:129.14,131.3 1 0
go-data-structures/structures/hash.go:132.2,132.13 1 1
go-data-structures/structures/hash.go:135.46,139.6 3 1
go-data-structures/structures/hash.go:139.6,140.50 1 1
go-data-structures/structures/hash.go:140.50,143.4 2 1
go-data-structures/structures/hash.go:144.3,144.51 1 1
go-data-structures/structures/hash.go:144.51,147.4 2 0
go-data-structures/structures/hash.go:148.3,148.27 1 1
go-data-structures/structures/hash.go:148.27,151.4 2 1
go-data-structures/structures/hash.go:153.3,154.19 2 1
go-data-structures/structures/hash.go:154.19,157.4 2 1
go-data-structures/structures/hash.go:161.44,165.6 3 1
go-data-structures/structures/hash.go:165.6,166.51 1 1
go-data-structures/structures/hash.go:166.51,170.4 3 1
go-data-structures/structures/hash.go:171.3,171.50 1 1
go-data-structures/structures/hash.go:171.50,173.4 1 1
go-data-structures/structures/hash.go:174.3,175.19 2 1
go-data-structures/structures/hash.go:175.19,177.4 1 1
go-data-structures/structures/hash.go:181.44,185.6 3 1
go-data-structures/structures/hash.go:185.6,186.51 1 1
go-data-structures/structures/hash.go:186.51,188.4 1 1
go-data-structures/structures/hash.go:189.3,189.50 1 1
go-data-structures/structures/hash.go:189.50,191.4 1 1
go-data-structures/structures/hash.go:192.3,193.19 2 1
go-data-structures/structures/hash.go:193.19,195.4 1 1
go-data-structures/structures/hash.go:199.28,201.29 2 1
go-data-structures/structures/hash.go:201.29,202.22 1 1
go-data-structures/structures/hash.go:202.22,205.4 2 1
go-data-structures/structures/hash.go:205.9,205.32 1 1
go-data-structures/structures/hash.go:205.32,208.4 2 1
go-data-structures/structures/hash.go:210.2,210.15 1 1
go-data-structures/structures/hash.go:210.15,212.3 1 0
go-data-structures/structures/hash.go:213.2,213.15 1 1
go-data-structures/structures/list.go:17.22,19.2 1 1
go-data-structures/structures/list.go:21.36,23.2 1 1
go-data-structures/structures/list.go:25.36,26.19 1 1
go-data-structures/structures/list.go:26.19,29.3 2 1
go-data-structures/structures/list.go:30.2,31.26 2 1
go-data-structures/structures/list.go:31.26,33.3 1 1
go-data-structures/structures/list.go:34.2,34.38 1 1
go-data-structures/structures/list.go:37.29,38.19 1 1
go-data-structures/structures/list.go:38.19,40.3 1 1
go-data-structures/structures/list.go:41.2,41.22 1 1
go-data-structures/structures/list.go:44.29,45.19 1 1
go-data-structures/structures/list.go:45.19,47.3 1 1
go-data-structures/structures/list.go:48.2,48.24 1 1
go-data-structures/structures/list.go:48.24,51.3 2 0
go-data-structures/structures/list.go:52.2,53.31 2 1
go-data-structures/structures/list.go:53.31,55.3 1 0
go-data-structures/structures/list.go:56.2,56.20 1 1
go-data-structures/structures/list.go:59.42,60.19 1 1
go-data-structures/structures/list.go:60.19,62.3 1 0
go-data-structures/structures/list.go:63.2,63.25 1 1
go-data-structures/structures/list.go:63.25,66.3 2 0
go-data-structures/structures/list.go:67.2,68.55 2 1
go-data-structures/structures/list.go:68.55,70.3 1 1
go-data-structures/structures/list.go:71.2,71.25 1 1
go-data-structures/structures/list.go:71.25,73.3 1 1
go-data-structures/structures/list.go:76.38,78.21 2 1
go-data-structures/structures/list.go:78.21,79.27 1 1
go-data-structures/structures/list.go:79.27,81.4 1 1
go-data-structures/structures/list.go:82.3,82.25 1 1
go-data-structures/structures/list.go:84.2,84.14 1 1
go-data-structures/structures/list.go:87.31,88.19 1 1
go-data-structures/structures/list.go:88.19,91.3 2 1
go-data-structures/structures/list.go:92.2,94.21 3 1
go-data-structures/structures/list.go:94.21,97.3 2 1
go-data-structures/structures/list.go:98.2,98.64 1 1
go-data-structures/structures/list.go:101.32,102.19 1 1
go-data-structures/structures/list.go:102.19,105.3 2 0
go-data-structures/structures/list.go:106.2,107.55 2 1
go-data-structures/structures/list.go:107.55,109.3 1 1
go-data-structures/structures/list.go:110.2,110.83 1 1
go-data-structures/structures/list.go:113.41,116.21 3 1
go-data-structures/structures/list.go:116.21,119.3 2 1
go-data-structures/structures/list.go:120.2,120.15 1 1
go-data-structures/structures/list.go:123.24,125.2 1 1
go-data-structures/structures/queue.go:18.24,20.2 1 1
go-data-structures/structures/queue.go:22.37,24.19 2 1
go-data-structures/structures/queue.go:24.19,27.3 2 1
go-data-structures/structures/queue.go:28.2,29.15 2 1
go-data-structures/structures/queue.go:32.34,33.19 1 1
go-data-structures/structures/queue.go:33.19,35.3 1 1
go-data-structures/structures/queue.go:36.2,38.19 3 1
go-data-structures/structures/queue.go:38.19,40.3 1 1
go-data-structures/structures/queue.go:41.2,41.12 1 1
go-data-structures/structures/queue.go:44.31,45.19 1 1
go-data-structures/structures/queue.go:45.19,47.3 1 1
go-data-structures/structures/queue.go:48.2,48.21 1 1
go-data-structures/structures/queue.go:51.25,52.19 1 1
go-data-structures/structures/queue.go:52.19,55.3 2 1
go-data-structures/structures/queue.go:56.2,58.21 3 1
go-data-structures/structures/queue.go:58.21,61.3 2 1
go-data-structures/structures/queue.go:62.2,62.66 1 1
go-data-structures/structures/queue.go:65.32,67.2 1 1
go-data-structures/structures/queue.go:69.25,71.2 1 1
go-data-structures/structures/serialize.go:12.51,14.16 2 1
go-data-structures/structures/serialize.go:14.16,16.3 1 0
go-data-structures/structures/serialize.go:17.2,25.29 4 1
go-data-structures/structures/serialize.go:25.29,27.3 1 1
go-data-structures/structures/serialize.go:29.2,29.23 1 1
go-data-structures/structures/serialize.go:32.53,34.16 2 1
go-data-structures/structures/serialize.go:34.16,36.3 1 1
go-data-structures/structures/serialize.go:37.2,42.21 3 1
go-data-structures/structures/serialize.go:42.21,44.3 1 0
go-data-structures/structures/serialize.go:46.2,47.16 2 1
go-data-structures/structures/serialize.go:47.16,49.3 1 1
go-data-structures/structures/serialize.go:52.2,55.46 2 1
go-data-structures/structures/serialize.go:55.46,57.3 1 1
go-data-structures/structures/serialize.go:59.2,59.12 1 1
go-data-structures/structures/serialize.go:63.50,65.16 2 1
go-data-structures/structures/serialize.go:65.16,67.3 1 0
go-data-structures/structures/serialize.go:68.2,75.21 5 1
go-data-structures/structures/serialize.go:75.21,78.3 2 1
go-data-structures/structures/serialize.go:81.2,85.21 3 1
go-data-structures/structures/serialize.go:85.21,88.3 2 1
go-data-structures/structures/serialize.go:90.2,90.23 1 1
go-data-structures/structures/serialize.go:93.52,95.16 2 1
go-data-structures/structures/serialize.go:95.16,97.3 1 0
go-data-structures/structures/serialize.go:98.2,103.21 3 1
go-data-structures/structures/serialize.go:103.21,105.3 1 0
go-data-structures/structures/serialize.go:107.2,108.16 2 1
go-data-structures/structures/serialize.go:108.16,110.3 1 0
go-data-structures/structures/serialize.go:113.2,116.47 2 1
go-data-structures/structures/serialize.go:116.47,117.20 1 1
go-data-structures/structures/serialize.go:117.20,119.4 1 1
go-data-structures/structures/serialize.go:119.9,121.28 2 1
go-data-structures/structures/serialize.go:121.28,123.5 1 1
go-data-structures/structures/serialize.go:124.4,124.51 1 1
go-data-structures/structures/serialize.go:128.2,128.12 1 1
go-data-structures/structures/serialize.go:132.62,134.19 2 1
go-data-structures/structures/serialize.go:134.19,136.6 1 0
go-data-structures/structures/serialize.go:137.5,140.59 3 1
go-data-structures/structures/serialize.go:140.59,142.6 1 0
go-data-structures/structures/serialize.go:143.5,143.26 1 1
go-data-structures/structures/serialize.go:146.80,147.20 1 1
go-data-structures/structures/serialize.go:147.20,151.6 2 1
go-data-structures/structures/serialize.go:154.5,154.87 1 1
go-data-structures/structures/serialize.go:154.87,156.6 1 0
go-data-structures/structures/serialize.go:159.5,159.62 1 1
go-data-structures/structures/serialize.go:159.62,161.6 1 0
go-data-structures/structures/serialize.go:163.5,163.47 1 1
go-data-structures/structures/serialize.go:166.64,168.19 2 1
go-data-structures/structures/serialize.go:168.19,170.6 1 1
go-data-structures/structures/serialize.go:171.5,175.15 4 1
go-data-structures/structures/serialize.go:178.79,183.19 3 1
go-data-structures/structures/serialize.go:183.19,187.6 1 1
go-data-structures/structures/serialize.go:190.5,190.20 1 1
go-data-structures/structures/serialize.go:190.20,192.6 1 1
go-data-structures/structures/serialize.go:194.5,198.19 3 1
go-data-structures/structures/serialize.go:198.19,200.6 1 0
go-data-structures/structures/serialize.go:203.5,204.19 2 1
go-data-structures/structures/serialize.go:204.19,206.6 1 0
go-data-structures/structures/serialize.go:208.5,208.21 1 1
go-data-structures/structures/serialize.go:212.51,214.16 2 1
go-data-structures/structures/serialize.go:214.16,216.3 1 0
go-data-structures/structures/serialize.go:217.2,224.21 5 1
go-data-structures/structures/serialize.go:224.21,227.3 2 1
go-data-structures/structures/serialize.go:230.2,233.29 2 1
go-data-structures/structures/serialize.go:233.29,235.3 1 1
go-data-structures/structures/serialize.go:237.2,237.23 1 1
go-data-structures/structures/serialize.go:240.53,242.16 2 1
go-data-structures/structures/serialize.go:242.16,244.3 1 1
go-data-structures/structures/serialize.go:245.2,249.21 3 1
go-data-structures/structures/serialize.go:249.21,251.3 1 1
go-data-structures/structures/serialize.go:253.2,254.16 2 1
go-data-structures/structures/serialize.go:254.16,256.3 1 1
go-data-structures/structures/serialize.go:258.2,260.47 2 1
go-data-structures/structures/serialize.go:260.47,262.3 1 1
go-data-structures/structures/serialize.go:264.2,264.12 1 1
go-data-structures/structures/serialize.go:268.51,270.16 2 1
go-data-structures/structures/serialize.go:270.16,272.3 1 0
go-data-structures/structures/serialize.go:273.2,279.21 5 1
go-data-structures/structures/serialize.go:279.21,282.3 2 1
go-data-structures/structures/serialize.go:284.2,286.29 2 1
go-data-structures/structures/serialize.go:286.29,288.3 1 1
go-data-structures/structures/serialize.go:290.2,290.23 1 1
go-data-structures/structures/serialize.go:293.53,295.16 2 1
go-data-structures/structures/serialize.go:295.16,297.3 1 1
go-data-structures/structures/serialize.go:298.2,302.21 3 1
go-data-structures/structures/serialize.go:302.21,304.3 1 0
go-data-structures/structures/serialize.go:306.2,307.16 2 1
go-data-structures/structures/serialize.go:307.16,309.3 1 0
go-data-structures/structures/serialize.go:311.2,313.47 2 1
go-data-structures/structures/serialize.go:313.47,315.3 1 1
go-data-structures/structures/serialize.go:317.2,317.12 1 1
go-data-structures/structures/serialize.go:321.51,323.16 2 1
go-data-structures/structures/serialize.go:323.16,325.3 1 0
go-data-structures/structures/serialize.go:326.2,332.21 5 1
go-data-structures/structures/serialize.go:332.21,335.3 2 1
go-data-structures/structures/serialize.go:337.2,339.29 2 1
go-data-structures/structures/serialize.go:339.29,341.3 1 1
go-data-structures/structures/serialize.go:343.2,343.23 1 1
go-data-structures/structures/serialize.go:346.53,348.16 2 1
go-data-structures/structures/serialize.go:348.16,350.3 1 0
go-data-structures/structures/serialize.go:351.2,355.21 3 1
go-data-structures/structures/serialize.go:355.21,357.3 1 0
go-data-structures/structures/serialize.go:359.2,360.16 2 1
go-data-structures/structures/serialize.go:360.16,362.3 1 0
go-data-structures/structures/serialize.go:364.2,367.47 3 1
go-data-structures/structures/serialize.go:367.47,369.3 1 1
go-data-structures/structures/serialize.go:371.2,371.40 1 1
go-data-structures/structures/serialize.go:371.40,373.3 1 1
go-data-structures/structures/serialize.go:375.2,375.12 1 1
go-data-structures/structures/serialize.go:383.55,385.16 2 1
go-data-structures/structures/serialize.go:385.16,387.3 1 0
go-data-structures/structures/serialize.go:388.2,391.29 3 1
go-data-structures/structures/serialize.go:391.29,393.22 2 1
go-data-structures/structures/serialize.go:393.22,399.4 2 1
go-data-structures/structures/serialize.go:402.2,413.29 4 1
go-data-structures/structures/serialize.go:416.57,418.16 2 1
go-data-structures/structures/serialize.go:418.16,420.3 1 1
go-data-structures/structures/serialize.go:421.2,430.46 4 1
go-data-structures/structures/serialize.go:430.46,432.3 1 1
go-data-structures/structures/serialize.go:434.2,437.37 3 1
go-data-structures/structures/serialize.go:437.37,439.3 1 1
go-data-structures/structures/serialize.go:441.2,441.12 1 1
go-data-structures/structures/serialize.go:452.54,454.16 2 1
go-data-structures/structures/serialize.go:454.16,456.3 1 0
go-data-structures/structures/serialize.go:457.2,460.29 3 1
go-data-structures/structures/serialize.go:460.29,467.3 1 1
go-data-structures/structures/serialize.go:469.2,480.29 4 1
go-data-structures/structures/serialize.go:483.56,485.16 2 1
go-data-structures/structures/serialize.go:485.16,487.3 1 0
go-data-structures/structures/serialize.go:488.2,497.46 4 1
go-data-structures/structures/serialize.go:497.46,499.3 1 0
go-data-structures/structures/serialize.go:501.2,504.37 3 1
go-data-structures/structures/serialize.go:504.37,511.3 1 1
go-data-structures/structures/serialize.go:513.2,513.12 1 1
go-data-structures/structures/serialize.go:516.62,519.74 2 1
go-data-structures/structures/serialize.go:519.74,521.3 1 0
go-data-structures/structures/serialize.go:524.2,524.49 1 1
go-data-structures/structures/serialize.go:524.49,526.3 1 0
go-data-structures/structures/serialize.go:528.2,528.12 1 1
go-data-structures/structures/serialize.go:531.61,534.74 2 1
go-data-structures/structures/serialize.go:534.74,536.3 1 1
go-data-structures/structures/serialize.go:539.2,540.47 2 1
go-data-structures/structures/serialize.go:540.47,542.3 1 0
go-data-structures/structures/serialize.go:544.2,544.28 1 1
go-data-structures/structures/serialize.go:548.57,550.16 2 1
go-data-structures/structures/serialize.go:550.16,552.3 1 1
go-data-structures/structures/serialize.go:553.2,559.73 4 1
go-data-structures/structures/serialize.go:559.73,561.3 1 0
go-data-structures/structures/serialize.go:564.2,564.29 1 1
go-data-structures/structures/serialize.go:564.29,565.56 1 1
go-data-structures/structures/serialize.go:565.56,567.4 1 0
go-data-structures/structures/serialize.go:570.2,570.23 1 1
go-data-structures/structures/serialize.go:573.59,575.16 2 1
go-data-structures/structures/serialize.go:575.16,577.3 1 1
go-data-structures/structures/serialize.go:578.2,584.73 4 1
go-data-structures/structures/serialize.go:584.73,586.3 1 0
go-data-structures/structures/serialize.go:589.2,592.36 2 1
go-data-structures/structures/serialize.go:592.36,594.17 2 1
go-data-structures/structures/serialize.go:594.17,596.4 1 0
go-data-structures/structures/serialize.go:597.3,597.31 1 1
go-data-structures/structures/serialize.go:600.2,600.12 1 1
go-data-structures/structures/serialize.go:604.56,606.16 2 1
go-data-structures/structures/serialize.go:606.16,608.3 1 0
go-data-structures/structures/serialize.go:609.2,616.21 5 1
go-data-structures/structures/serialize.go:616.21,619.3 2 1
go-data-structures/structures/serialize.go:622.2,622.80 1 1
go-data-structures/structures/serialize.go:622.80,624.3 1 0
go-data-structures/structures/serialize.go:627.2,628.21 2 1
go-data-structures/structures/serialize.go:628.21,629.66 1 1
go-data-structures/structures/serialize.go:629.66,631.4 1 0
go-data-structures/structures/serialize.go:632.3,632.25 1 1
go-data-structures/structures/serialize.go:635.2,635.23 1 1
go-data-structures/structures/serialize.go:638.58,640.16 2 1
go-data-structures/structures/serialize.go:640.16,642.3 1 0
go-data-structures/structures/serialize.go:643.2,649.73 4 1
go-data-structures/structures/serialize.go:649.73,651.3 1 0
go-data-structures/structures/serialize.go:654.2,660.36 3 1
go-data-structures/structures/serialize.go:660.36,662.17 2 1
go-data-structures/structures/serialize.go:662.17,664.4 1 1
go-data-structures/structures/serialize.go:666.3,667.20 2 1
go-data-structures/structures/serialize.go:667.20,670.4 2 1
go-data-structures/structures/serialize.go:670.9,673.4 2 1
go-data-structures/structures/serialize.go:676.2,676.12 1 1
go-data-structures/structures/serialize.go:680.57,682.16 2 1
go-data-structures/structures/serialize.go:682.16,684.3 1 0
go-data-structures/structures/serialize.go:685.2,692.21 5 1
go-data-structures/structures/serialize.go:692.21,695.3 2 1
go-data-structures/structures/serialize.go:698.2,698.86 1 1
go-data-structures/structures/serialize.go:698.86,700.3 1 0
go-data-structures/structures/serialize.go:703.2,703.29 1 1
go-data-structures/structures/serialize.go:703.29,704.56 1 1
go-data-structures/structures/serialize.go:704.56,706.4 1 0
go-data-structures/structures/serialize.go:709.2,709.23 1 1
go-data-structures/structures/serialize.go:712.59,714.16 2 1
go-data-structures/structures/serialize.go:714.16,716.3 1 0
go-data-structures/structures/serialize.go:717.2,723.73 4 1
go-data-structures/structures/serialize.go:723.73,725.3 1 0
go-data-structures/structures/serialize.go:728.2,731.36 2 1
go-data-structures/structures/serialize.go:731.36,733.17 2 1
go-data-structures/structures/serialize.go:733.17,735.4 1 0
go-data-structures/structures/serialize.go:736.3,736.17 1 1
go-data-structures/structures/serialize.go:739.2,739.12 1 1
go-data-structures/structures/serialize.go:743.57,745.16 2 1
go-data-structures/structures/serialize.go:745.16,747.3 1 0
go-data-structures/structures/serialize.go:748.2,755.21 5 1
go-data-structures/structures/serialize.go:755.21,758.3 2 1
go-data-structures/structures/serialize.go:761.2,761.86 1 1
go-data-structures/structures/serialize.go:761.86,763.3 1 0
go-data-structures/structures/serialize.go:766.2,766.29 1 1
go-data-structures/structures/serialize.go:766.29,767.56 1 1
go-data-structures/structures/serialize.go:767.56,769.4 1 0
go-data-structures/structures/serialize.go:772.2,772.23 1 1
go-data-structures/structures/serialize.go:775.59,777.16 2 1
go-data-structures/structures/serialize.go:777.16,779.3 1 0
go-data-structures/structures/serialize.go:780.2,786.73 4 1
go-data-structures/structures/serialize.go:786.73,788.3 1 0
go-data-structures/structures/serialize.go:791.2,794.36 2 1
go-data-structures/structures/serialize.go:794.36,796.17 2 1
go-data-structures/structures/serialize.go:796.17,798.4 1 0
go-data-structures/structures/serialize.go:799.3,799.17 1 1
go-data-structures/structures/serialize.go:802.2,802.12 1 1
go-data-structures/structures/serialize.go:806.57,808.16 2 1
go-data-structures/structures/serialize.go:808.16,810.3 1 0
go-data-structures/structures/serialize.go:811.2,818.21 5 1
go-data-structures/structures/serialize.go:818.21,821.3 2 1
go-data-structures/structures/serialize.go:824.2,824.86 1 1
go-data-structures/structures/serialize.go:824.86,826.3 1 0
go-data-structures/structures/serialize.go:829.2,829.29 1 1
go-data-structures/structures/serialize.go:829.29,830.56 1 1
go-data-structures/structures/serialize.go:830.56,832.4 1 0
go-data-structures/structures/serialize.go:835.2,835.23 1 1
go-data-structures/structures/serialize.go:838.59,840.16 2 1
go-data-structures/structures/serialize.go:840.16,842.3 1 0
go-data-structures/structures/serialize.go:843.2,849.73 4 1
go-data-structures/structures/serialize.go:849.73,851.3 1 0
go-data-structures/structures/serialize.go:854.2,855.36 2 1
go-data-structures/structures/serialize.go:855.36,857.17 2 1
go-data-structures/structures/serialize.go:857.17,859.4 1 0
go-data-structures/structures/serialize.go:860.3,860.18 1 1
go-data-structures/structures/serialize.go:864.2,867.40 2 1
go-data-structures/structures/serialize.go:867.40,869.3 1 1
go-data-structures/structures/serialize.go:871.2,871.12 1 1
go-data-structures/structures/serialize.go:875.61,877.16 2 1
go-data-structures/structures/serialize.go:877.16,879.3 1 0
go-data-structures/structures/serialize.go:880.2,889.29 4 1
go-data-structures/structures/serialize.go:889.29,891.22 2 1
go-data-structures/structures/serialize.go:891.22,900.4 2 1
go-data-structures/structures/serialize.go:904.2,904.80 1 1
go-data-structures/structures/serialize.go:904.80,906.3 1 0
go-data-structures/structures/serialize.go:909.2,909.85 1 1
go-data-structures/structures/serialize.go:909.85,911.3 1 0
go-data-structures/structures/serialize.go:914.2,914.29 1 1
go-data-structures/structures/serialize.go:914.29,915.61 1 1
go-data-structures/structures/serialize.go:915.61,917.4 1 0
go-data-structures/structures/serialize.go:918.3,918.61 1 1
go-data-structures/structures/serialize.go:918.61,920.4 1 0
go-data-structures/structures/serialize.go:923.2,923.23 1 1
go-data-structures/structures/serialize.go:926.63,928.16 2 1
go-data-structures/structures/serialize.go:928.16,930.3 1 0
go-data-structures/structures/serialize.go:931.2,937.76 4 1
go-data-structures/structures/serialize.go:937.76,939.3 1 0
go-data-structures/structures/serialize.go:942.2,943.77 2 1
go-data-structures/structures/serialize.go:943.77,945.3 1 0
go-data-structures/structures/serialize.go:948.2,952.40 3 1
go-data-structures/structures/serialize.go:952.40,954.17 2 1
go-data-structures/structures/serialize.go:954.17,956.4 1 0
go-data-structures/structures/serialize.go:958.3,959.17 2 1
go-data-structures/structures/serialize.go:959.17,961.4 1 0
go-data-structures/structures/serialize.go:963.3,963.21 1 1
go-data-structures/structures/serialize.go:966.2,966.12 1 1
go-data-structures/structures/serialize.go:970.60,972.16 2 1
go-data-structures/structures/serialize.go:972.16,974.3 1 0
go-data-structures/structures/serialize.go:975.2,980.80 3 1
go-data-structures/structures/serialize.go:980.80,982.3 1 0
go-data-structures/structures/serialize.go:985.2,985.29 1 1
go-data-structures/structures/serialize.go:985.29,988.22 2 1
go-data-structures/structures/serialize.go:988.22,990.4 1 1
go-data-structures/structures/serialize.go:991.3,991.25 1 1
go-data-structures/structures/serialize.go:991.25,993.4 1 1
go-data-structures/structures/serialize.go:995.3,995.49 1 1
go-data-structures/structures/serialize.go:995.49,997.4 1 0
go-data-structures/structures/serialize.go:1000.3,1000.22 1 1
go-data-structures/structures/serialize.go:1000.22,1001.68 1 1
go-data-structures/structures/serialize.go:1001.68,1003.5 1 0
go-data-structures/structures/serialize.go:1004.4,1004.68 1 1
go-data-structures/structures/serialize.go:1004.68,1006.5 1 0
go-data-structures/structures/serialize.go:1010.2,1010.23 1 1
go-data-structures/structures/serialize.go:1013.62,1015.16 2 1
go-data-structures/structures/serialize.go:1015.16,1017.3 1 0
go-data-structures/structures/serialize.go:1018.2,1024.76 4 1
go-data-structures/structures/serialize.go:1024.76,1026.3 1 0
go-data-structures/structures/serialize.go:1029.2,1033.29 3 1
go-data-structures/structures/serialize.go:1033.29,1036.17 2 1
go-data-structures/structures/serialize.go:1036.17,1038.4 1 0
go-data-structures/structures/serialize.go:1040.3,1044.11 4 1
go-data-structures/structures/serialize.go:1044.11,1047.18 2 1
go-data-structures/structures/serialize.go:1047.18,1049.5 1 0
go-data-structures/structures/serialize.go:1051.4,1052.18 2 1
go-data-structures/structures/serialize.go:1052.18,1054.5 1 0
go-data-structures/structures/serialize.go:1057.3,1062.4 1 1
go-data-structures/structures/serialize.go:1065.2,1065.12 1 1
go-data-structures/structures/serialize.go:1068.56,1070.16 2 1
go-data-structures/structures/serialize.go:1070.16,1072.3 1 0
go-data-structures/structures/serialize.go:1073.2,1081.21 5 1
go-data-structures/structures/serialize.go:1081.21,1085.21 3 1
go-data-structures/structures/serialize.go:1085.21,1087.4 1 1
go-data-structures/structures/serialize.go:1087.9,1090.4 2 1
go-data-structures/structures/serialize.go:1094.2,1094.69 1 1
go-data-structures/structures/serialize.go:1094.69,1096.3 1 1
go-data-structures/structures/serialize.go:1099.2,1102.33 2 1
go-data-structures/structures/serialize.go:1102.33,1104.3 1 1
go-data-structures/structures/serialize.go:1106.2,1106.23 1 1
go-data-structures/structures/serialize.go:1109.58,1111.16 2 1
go-data-structures/structures/serialize.go:1111.16,1113.3 1 0
go-data-structures/structures/serialize.go:1114.2,1119.21 3 1
go-data-structures/structures/serialize.go:1119.21,1121.3 1 0
go-data-structures/structures/serialize.go:1123.2,1124.16 2 1
go-data-structures/structures/serialize.go:1124.16,1126.3 1 0
go-data-structures/structures/serialize.go:1128.2,1128.16 1 1
go-data-structures/structures/serialize.go:1128.16,1132.3 3 1
go-data-structures/structures/serialize.go:1135.2,1136.47 2 1
go-data-structures/structures/serialize.go:1136.47,1138.3 1 1
go-data-structures/structures/serialize.go:1141.2,1141.25 1 1
go-data-structures/structures/serialize.go:1141.25,1145.3 3 0
go-data-structures/structures/serialize.go:1147.2,1148.16 2 1
go-data-structures/structures/serialize.go:1148.16,1150.3 1 0
go-data-structures/structures/serialize.go:1152.2,1158.38 5 1
go-data-structures/structures/serialize.go:1158.38,1163.47 3 1
go-data-structures/structures/serialize.go:1163.47,1165.18 2 1
go-data-structures/structures/serialize.go:1165.18,1167.5 1 0
go-data-structures/structures/serialize.go:1168.4,1170.12 3 1
go-data-structures/structures/serialize.go:1172.3,1175.47 2 1
go-data-structures/structures/serialize.go:1175.47,1177.18 2 1
go-data-structures/structures/serialize.go:1177.18,1179.5 1 0
go-data-structures/structures/serialize.go:1180.4,1182.12 3 1
go-data-structures/structures/serialize.go:1184.3,1184.10 1 1
go-data-structures/structures/serialize.go:1187.2,1187.12 1 1
go-data-structures/structures/stack.go:17.24,19.2 1 1
go-data-structures/structures/stack.go:21.34,23.2 1 1
go-data-structures/structures/stack.go:25.30,26.18 1 1
go-data-structures/structures/stack.go:26.18,28.3 1 1
go-data-structures/structures/stack.go:29.2,31.12 3 1
go-data-structures/structures/stack.go:34.31,35.18 1 1
go-data-structures/structures/stack.go:35.18,37.3 1 1
go-data-structures/structures/stack.go:38.2,38.20 1 1
go-data-structures/structures/stack.go:41.25,42.18 1 1
go-data-structures/structures/stack.go:42.18,45.3 2 1
go-data-structures/structures/stack.go:46.2,48.21 3 1
go-data-structures/structures/stack.go:48.21,51.3 2 1
go-data-structures/structures/stack.go:52.2,52.81 1 1
go-data-structures/structures/stack.go:55.32,57.2 1 1
go-data-structures/structures/stack.go:59.25,61.2 1 1
go-data-structures/structures/tree.go:19.34,21.2 1 1
go-data-structures/structures/tree.go:23.40,25.19 2 1
go-data-structures/structures/tree.go:25.19,29.3 3 1
go-data-structures/structures/tree.go:32.2,33.21 2 1
go-data-structures/structures/tree.go:33.21,37.26 3 1
go-data-structures/structures/tree.go:37.26,39.9 2 1
go-data-structures/structures/tree.go:40.9,42.4 1 1
go-data-structures/structures/tree.go:44.3,44.27 1 1
go-data-structures/structures/tree.go:44.27,46.9 2 1
go-data-structures/structures/tree.go:47.9,49.4 1 1
go-data-structures/structures/tree.go:51.2,51.10 1 1
go-data-structures/structures/tree.go:54.45,56.2 1 1
go-data-structures/structures/tree.go:58.70,59.17 1 1
go-data-structures/structures/tree.go:59.17,61.3 1 1
go-data-structures/structures/tree.go:62.2,62.24 1 1
go-data-structures/structures/tree.go:62.24,64.3 1 1
go-data-structures/structures/tree.go:65.2,65.84 1 1
go-data-structures/structures/tree.go:68.40,69.19 1 1
go-data-structures/structures/tree.go:69.19,72.3 2 1
go-data-structures/structures/tree.go:75.2,77.21 3 1
go-data-structures/structures/tree.go:77.21,81.28 3 1
go-data-structures/structures/tree.go:81.28,83.4 1 1
go-data-structures/structures/tree.go:85.3,85.26 1 1
go-data-structures/structures/tree.go:85.26,87.4 1 1
go-data-structures/structures/tree.go:88.3,88.27 1 1
go-data-structures/structures/tree.go:88.27,90.4 1 1
go-data-structures/structures/tree.go:92.3,92.17 1 1
go-data-structures/structures/tree.go:95.2,95.19 1 1
go-data-structures/structures/tree.go:95.19,98.3 2 0
go-data-structures/structures/tree.go:100.2,100.20 1 1
go-data-structures/structures/tree.go:100.20,104.3 3 0
go-data-structures/structures/tree.go:106.2,108.10 3 1
go-data-structures/structures/tree.go:111.53,113.21 2 1
go-data-structures/structures/tree.go:113.21,117.27 3 1
go-data-structures/structures/tree.go:117.27,120.4 2 1
go-data-structures/structures/tree.go:120.9,120.33 1 1
go-data-structures/structures/tree.go:120.33,122.4 1 1
go-data-structures/structures/tree.go:124.3,124.28 1 1
go-data-structures/structures/tree.go:124.28,127.4 2 1
go-data-structures/structures/tree.go:127.9,127.34 1 0
go-data-structures/structures/tree.go:127.34,129.4 1 0
go-data-structures/structures/tree.go:133.30,134.19 1 1
go-data-structures/structures/tree.go:134.19,137.3 2 1
go-data-structures/structures/tree.go:139.2,140.37 2 1
go-data-structures/structures/tree.go:143.74,144.38 1 1
go-data-structures/structures/tree.go:144.38,146.3 1 1
go-data-structures/structures/tree.go:148.2,150.29 2 1
go-data-structures/structures/tree.go:150.29,152.3 1 1
go-data-structures/structures/tree.go:153.2,155.48 2 1
go-data-structures/structures/tree.go:158.30,161.2 2 1
go-data-structures/structures/tree.go:163.37,165.2 1 1
go-data-structures/structures/tree.go:167.33,169.2 1 1
